
ROM used: 970 (12%)
          970 (12%) including unused fragments

          0 Average locations per line
          1 Average locations per statement

RAM used: 28 (8%) at main() level
          53 (14%) worst case

Stack used: 5 worst case (out of 8 total available)

Lines Stmts  %   Files
----- ----- ---  -----
   44    20   2  practica10.c
  326     0   0  ..\..\..\..\..\Program Files (x86)\PICC\devices\16F877A.h
  348    67   8  ..\..\..\..\..\Program Files (x86)\PICC\drivers\lcd.c
 2172   260  31  ..\..\..\..\..\Program Files (x86)\PICC\drivers\math.h
 1273   359  43  ..\..\..\..\..\Program Files (x86)\PICC\drivers\stdlib.h
   28     0   0  ..\..\..\..\..\Program Files (x86)\PICC\drivers\stddef.h
  409   121  15  ..\..\..\..\..\Program Files (x86)\PICC\drivers\string.h
   28     0   0  ..\..\..\..\..\Program Files (x86)\PICC\drivers\ctype.h
----- -----
 4628   827 Total

Page ROM  %  RAM   Vol Diff  Functions:
---- --- --- ---   --- ----  ----------
0     21   2   1             @delay_ms1
0      8   1   0             @const76
 Inline        3   587  6.0  lcd_read_byte
0      6   1   0    59  4.2  lcd_read_nibble
0     12   1   1   172  3.4  lcd_send_nibble
0     59   6   3   317  4.3  lcd_send_byte
0     48   5   2   624  5.8  lcd_init
0     18   2   4   186  5.5  lcd_gotoxy
0     37   4   1   272  4.1  lcd_putc
0     29   3   2             @ITOF
0    117  12  13             @MULFF
0    222  23   1   547  3.3  MAIN
0      7   1   0             @const496
0     78   8   4             @PSTRINGCN7_93
 Inline        5             @FTOSD
0     66   7  13             @DIV3232
0    231  24  13             @PRINTF_L32D_93FPFPF
0      7   1   0             @const507

Program metrics:
    Functions               8
    Statements              827
    Comments                1173
    Volume (V)              4235
    Difficilty (D)          34.4
    Effort to implement (E) 145498
    Time to implement (T)   2 hours, 15 minutes
    Est Delivered Bugs (B)  1
    Cyclomatic Complexity   7
    Maintainability (MI)    59

 Segment     Used  Free
-----------  ----  ----
00000-00003     4  0  
00004-007FF   966  1078  
00800-00FFF     0  2048  
01000-017FF     0  2048  
01800-01FFF     0  2048  



